#
# A fatal error has been detected by the Java Runtime Environment:
#
#  EXCEPTION_ACCESS_VIOLATION (0xc0000005) at pc=0x0000000069ac29bf, pid=26736, tid=13328
#
# JRE version: Java(TM) SE Runtime Environment (22.0.1+8) (build 22.0.1+8-16)
# Java VM: Java HotSpot(TM) 64-Bit Server VM (22.0.1+8-16, mixed mode, sharing, tiered, compressed oops, compressed class ptrs, g1 gc, windows-amd64)
# Problematic frame:
# C  [jansi-2.4.0-7eea340757f1c5cf-jansi.dll+0x29bf]
#
# No core dump will be written. Minidumps are not enabled by default on client versions of Windows
#
# If you would like to submit a bug report, please visit:
#   https://bugreport.java.com/bugreport/crash.jsp
# The crash happened outside the Java Virtual Machine in native code.
# See problematic frame for where to report the bug.
#

---------------  S U M M A R Y ------------

Command Line: D:\projects\intelijidea\ColorfurTextConsole\out\artifacts\ColorfurTextConsole_jar\ColorfurTextConsole.jar

Host: AMD Ryzen 7 4800HS with Radeon Graphics         , 16 cores, 15G,  Windows 10 , 64 bit Build 19041 (10.0.19041.3636)
Time: Mon Jul  1 02:02:35 2024 Turkey Standard Time elapsed time: 0.094627 seconds (0d 0h 0m 0s)

---------------  T H R E A D  ---------------

Current thread (0x000001a8578ad4a0):  JavaThread "main"             [_thread_in_native, id=13328, stack(0x0000009fa4500000,0x0000009fa4600000) (1024K)]

Stack: [0x0000009fa4500000,0x0000009fa4600000],  sp=0x0000009fa45fefe0,  free space=1019k
Native frames: (J=compiled Java code, j=interpreted, Vv=VM code, C=native code)
C  [jansi-2.4.0-7eea340757f1c5cf-jansi.dll+0x29bf]  (no source info available)
C  0x000001a86924cfc7  (no source info available)

The last pc belongs to native method entry point (kind = native) (printed below).
Java frames: (J=compiled Java code, j=interpreted, Vv=VM code)
j  org.fusesource.jansi.internal.CLibrary.isatty(I)I+0
j  org.fusesource.jansi.AnsiConsole.ansiStream(Z)Lorg/fusesource/jansi/AnsiPrintStream;+62
j  org.fusesource.jansi.AnsiConsole.initStreams()V+7
j  org.fusesource.jansi.AnsiConsole.systemInstall()V+15
j  org.ahmeteminsaglik.printable.concrete.PrintableServiceImplColorfulCMD.initialize()V+0
j  org.ahmeteminsaglik.config.PrintServiceConfig.updatePrintableService(Lorg/ahmeteminsaglik/printable/abstracts/PrintableService;)V+15
j  org.ahmeteminsaglik.config.PrintServiceConfig.updatePrintableService(Lorg/ahmeteminsaglik/printable/EnumPrintOption;)V+56
j  org.ahmeteminsaglik.Main.main([Ljava/lang/String;)V+41
v  ~StubRoutines::call_stub 0x000001a86924100d

siginfo: EXCEPTION_ACCESS_VIOLATION (0xc0000005), writing address 0x0000000000000000


Registers:
RAX=0x0000000000000000, RBX=0x000001a841419e88, RCX=0x0000000000000000, RDX=0x0000000069ac6362
RSP=0x0000009fa45fefe0, RBP=0x0000009fa45ff4a8, RSI=0x0000000000000000, RDI=0x000001a84102f058
R8 =0x0000009fa45fefd8, R9 =0x0000009fa45ff4a8, R10=0x0000000000000000, R11=0x0000000000000246
R12=0x0000000000000000, R13=0x000001a841419e88, R14=0x0000009fa45ff4c8, R15=0x000001a8578ad4a0
RIP=0x0000000069ac29bf, EFLAGS=0x0000000000010256


Register to memory mapping:

RAX=0x0 is null
RBX={method} {0x000001a841419e90} 'isatty' '(I)I' in 'org/fusesource/jansi/internal/CLibrary'
RCX=0x0 is null
RDX=0x0000000069ac6362 jansi-2.4.0-7eea340757f1c5cf-jansi.dll
RSP=0x0000009fa45fefe0 is pointing into the stack for thread: 0x000001a8578ad4a0
RBP=0x0000009fa45ff4a8 is pointing into the stack for thread: 0x000001a8578ad4a0
RSI=0x0 is null
RDI=0x000001a84102f058 is pointing into metadata
R8 =0x0000009fa45fefd8 is pointing into the stack for thread: 0x000001a8578ad4a0
R9 =0x0000009fa45ff4a8 is pointing into the stack for thread: 0x000001a8578ad4a0
R10=0x0 is null
R11=0x0000000000000246 is an unknown value
R12=0x0 is null
R13={method} {0x000001a841419e90} 'isatty' '(I)I' in 'org/fusesource/jansi/internal/CLibrary'
R14=0x0000009fa45ff4c8 is pointing into the stack for thread: 0x000001a8578ad4a0
R15=0x000001a8578ad4a0 is a thread

Top of Stack: (sp=0x0000009fa45fefe0)
0x0000009fa45fefe0:   000001a841419e88 00007ffdbd9ad750
0x0000009fa45feff0:   0000009fa45ff4a8 0000000000000000
0x0000009fa45ff000:   0000009fa45ff01c 000001a86924a515
0x0000009fa45ff010:   000001a841419e88 0000001000000000
0x0000009fa45ff020:   0000000000000000 0000000000000000
0x0000009fa45ff030:   0000009fa45ff330 0000009fa45ff330
0x0000009fa45ff040:   0000000000000400 00007ffd0e443bb0
0x0000009fa45ff050:   000001a841419e88 000001a8578ad4a0
0x0000009fa45ff060:   00007ffd0ea50b58 0000000000000000
0x0000009fa45ff070:   0000000000000007 000001a86924a515
0x0000009fa45ff080:   000001a841419e88 00000000ffffff00
0x0000009fa45ff090:   0000009fa45ff3e0 000000000000000e
0x0000009fa45ff0a0:   0000000000000155 000001a8692642fe
0x0000009fa45ff0b0:   00007ffd0ed0a138 00007ffd0e2cc17c
0x0000009fa45ff0c0:   0000000000000048 0000009fa45ff170
0x0000009fa45ff0d0:   000000000000000e 0000009fa45ff4c8
0x0000009fa45ff0e0:   00007ffd0ed0a138 00007ffd0e47a0c9
0x0000009fa45ff0f0:   00000000ffffffff 0000000000000048
0x0000009fa45ff100:   000001a8578ad4a0 0000000000000000
0x0000009fa45ff110:   00007ffd0ea4be90 0000003200000000
0x0000009fa45ff120:   0000000000000000 0000000000000000
0x0000009fa45ff130:   000001a857893220 000001a8578adb10
0x0000009fa45ff140:   000001a8578adb20 000001a8578adef8
0x0000009fa45ff150:   00000000000003d8 0000000000000000
0x0000009fa45ff160:   000001a841419e88 0000009fa45ff210
0x0000009fa45ff170:   00007ffd0ea50c00 0000000000000000
0x0000009fa45ff180:   0000000000000000 0000000000000000
0x0000009fa45ff190:   0000000000000000 0000000000000000
0x0000009fa45ff1a0:   0000000000000000 0000000000000000
0x0000009fa45ff1b0:   0000000000000000 00000000a45f0000
0x0000009fa45ff1c0:   000001a8578adb00 0000009fa45ff170
0x0000009fa45ff1d0:   000001a869263400 0000000000000000 

Instructions: (pc=0x0000000069ac29bf)
0x0000000069ac28bf:   e1 49 89 c5 49 8b 04 24 48 8b 54 24 68 4c 89 6c
0x0000000069ac28cf:   24 20 ff 90 e0 06 00 00 4c 89 e8 66 41 c7 44 1d
0x0000000069ac28df:   fe 00 00 48 83 c4 40 5b 41 5c 41 5d c3 90 90 90
0x0000000069ac28ef:   90 41 54 48 81 ec 40 04 00 00 44 89 c1 ff 15 ea
0x0000000069ac28ff:   89 00 00 49 89 c4 48 89 c1 ff 15 16 89 00 00 83
0x0000000069ac290f:   f8 02 75 15 48 8d 54 24 40 4c 89 e1 ff 15 eb 88
0x0000000069ac291f:   00 00 85 c0 e9 ba 00 00 00 48 83 3d f0 66 00 00
0x0000000069ac292f:   00 75 14 48 8d 0d 07 3a 00 00 ff 15 1d 89 00 00
0x0000000069ac293f:   48 89 05 da 66 00 00 48 8b 0d d3 66 00 00 48 85
0x0000000069ac294f:   c9 75 07 31 c0 e9 aa 00 00 00 48 83 3d c7 66 00
0x0000000069ac295f:   00 00 75 14 48 8d 15 ea 39 00 00 ff 15 cc 88 00
0x0000000069ac296f:   00 48 89 05 b1 66 00 00 48 8b 05 aa 66 00 00 48
0x0000000069ac297f:   85 c0 74 cf 48 8d 54 24 3c 41 b9 fe 03 00 00 4c
0x0000000069ac298f:   8d 44 24 40 4c 89 e1 48 89 54 24 20 ba 01 00 00
0x0000000069ac299f:   00 ff d0 85 c0 75 ac 8b 44 24 40 4c 8b 64 24 48
0x0000000069ac29af:   48 8d 15 ac 39 00 00 66 d1 e8 4c 89 e1 0f b7 c0
0x0000000069ac29bf:   66 41 c7 04 44 00 00 e8 15 20 00 00 48 85 c0 74
0x0000000069ac29cf:   1a 48 8d 15 97 39 00 00 4c 89 e1 e8 01 20 00 00
0x0000000069ac29df:   48 85 c0 0f 95 c0 0f b6 c0 eb 19 48 8d 15 87 39
0x0000000069ac29ef:   00 00 4c 89 e1 e8 e7 1f 00 00 48 85 c0 75 d2 e9
0x0000000069ac29ff:   4f ff ff ff 48 81 c4 40 04 00 00 41 5c c3 90 90
0x0000000069ac2a0f:   90 41 54 48 83 ec 20 83 3d e3 67 00 00 00 49 89
0x0000000069ac2a1f:   cc 75 6b 48 8b 01 ff 90 f8 00 00 00 4c 8d 0d 5e
0x0000000069ac2a2f:   39 00 00 4c 8d 05 59 39 00 00 4c 89 e1 48 89 c2
0x0000000069ac2a3f:   48 89 05 c2 67 00 00 49 8b 04 24 ff 90 f0 02 00
0x0000000069ac2a4f:   00 48 8b 15 b1 67 00 00 4c 8d 0d 3f 39 00 00 4c
0x0000000069ac2a5f:   89 e1 48 89 05 a8 67 00 00 49 8b 04 24 4c 8d 05
0x0000000069ac2a6f:   2c 39 00 00 ff 90 f0 02 00 00 48 89 05 98 67 00
0x0000000069ac2a7f:   00 0f ae f0 c7 05 73 67 00 00 01 00 00 00 48 83
0x0000000069ac2a8f:   c4 20 41 5c c3 41 56 41 55 41 54 48 83 ec 20 83
0x0000000069ac2a9f:   3d 5b 67 00 00 00 49 89 cc 49 89 d6 4d 89 c5 75
0x0000000069ac2aaf:   05 e8 5b ff ff ff 49 8b 04 24 4c 89 f2 4c 89 e1 


Stack slot to memory mapping:

stack at sp + 0 slots: {method} {0x000001a841419e90} 'isatty' '(I)I' in 'org/fusesource/jansi/internal/CLibrary'
stack at sp + 1 slots: 0x00007ffdbd9ad750 ntdll.dll
stack at sp + 2 slots: 0x0000009fa45ff4a8 is pointing into the stack for thread: 0x000001a8578ad4a0
stack at sp + 3 slots: 0x0 is null
stack at sp + 4 slots: 0x0000009fa45ff01c is pointing into the stack for thread: 0x000001a8578ad4a0
stack at sp + 5 slots: 0x000001a86924a515 is at code_begin+21 in an Interpreter codelet
result handlers for native calls  [0x000001a86924a500, 0x000001a86924a520]  32 bytes
stack at sp + 6 slots: {method} {0x000001a841419e90} 'isatty' '(I)I' in 'org/fusesource/jansi/internal/CLibrary'
stack at sp + 7 slots: 0x0000001000000000 is an unknown value

native method entry point (kind = native)  [0x000001a86924cba0, 0x000001a86924d6c0]  2848 bytes
[MachCode]
  0x000001a86924cba0: 488b 4b08 | 0fb7 492e | 584c 8d74 | ccf8 6800 | 0000 0068 | 0000 0000 | 5055 488b | ec41 5568 
  0x000001a86924cbc0: 0000 0000 | 4c8b 6b08 | 4d8d 6d38 | 5348 8b53 | 0848 8b52 | 0848 8b52 | 1848 8b52 | 7048 8b12 
  0x000001a86924cbe0: 5248 8b53 | 1048 85d2 | 0f84 0700 | 0000 4881 | c210 0100 | 0052 488b | 5308 488b | 5208 488b 
  0x000001a86924cc00: 5210 5249 | 8bc6 482b | c548 c1e8 | 0350 6800 | 0000 0068 | f7ff ffff | 41c6 8781 | 0400 0001 
  0x000001a86924cc20: 488b 4310 | 4885 c074 | 208b 88cc | 0000 0083 | c102 8988 | cc00 0000 | 2388 e000 | 0000 0f84 
  0x000001a86924cc40: cb09 0000 | e9cf 0000 | 0048 8b43 | 1848 85c0 | 0f85 b000 | 0000 e805 | 0000 00e9 | 9900 0000 
  0x000001a86924cc60: 488b d348 | 8d44 2408 | 4c89 6dc0 | 498b cfc5 | f877 4989 | afb0 0300 | 0049 8987 | a003 0000 
  0x000001a86924cc80: 4883 ec20 | 40f6 c40f | 0f84 1900 | 0000 4883 | ec08 48b8 | a0a3 470e | fd7f 0000 | ffd0 4883 
  0x000001a86924cca0: c408 e90c | 0000 0048 | b8a0 a347 | 0efd 7f00 | 00ff d048 | 83c4 2049 | c787 a003 | 0000 0000 
  0x000001a86924ccc0: 0000 49c7 | 87b0 0300 | 0000 0000 | 0049 c787 | a803 0000 | 0000 0000 | c5f8 7749 | 837f 0800 
  0x000001a86924cce0: 0f84 0500 | 0000 e915 | 42ff ff4c | 8b6d c04c | 8b75 c84e | 8d74 f500 | c348 8b43 | 1848 85c0 
  0x000001a86924cd00: 0f84 1200 | 0000 8b48 | 0883 c102 | 8948 0823 | 481c 0f84 | f708 0000 | 493b a7f0 | 0400 000f 
  0x000001a86924cd20: 8748 0000 | 0089 8424 | 00f0 ffff | 8984 2400 | e0ff ff89 | 8424 00d0 | ffff 8984 | 2400 c0ff 
  0x000001a86924cd40: ff89 8424 | 00b0 ffff | 8984 2400 | a0ff ff89 | 8424 0090 | ffff 8984 | 2400 80ff | ff49 3ba7 
  0x000001a86924cd60: e804 0000 | 7607 4989 | a7f0 0400 | 0041 c687 | 8104 0000 | 0049 ba9c | 30ce 0efd | 7f00 0041 
  0x000001a86924cd80: 803a 000f | 843e 0000 | 0048 8b55 | e849 8bcf | 4883 ec20 | 40f6 c40f | 0f84 1900 | 0000 4883 
  0x000001a86924cda0: ec08 48b8 | 40b5 7e0e | fd7f 0000 | ffd0 4883 | c408 e90c | 0000 0048 | b840 b57e | 0efd 7f00 
  0x000001a86924cdc0: 00ff d048 | 83c4 2048 | 8b5d e84c | 8b5b 0845 | 0fb7 5b2e | 41c1 e303 | 492b e348 | 83ec 2048 
  0x000001a86924cde0: 83e4 f04c | 8b5b 604d | 85db 0f85 | ab00 0000 | e805 0000 | 00e9 9900 | 0000 488b | d348 8d44 
  0x000001a86924ce00: 2408 4c89 | 6dc0 498b | cfc5 f877 | 4989 afb0 | 0300 0049 | 8987 a003 | 0000 4883 | ec20 40f6 
  0x000001a86924ce20: c40f 0f84 | 1900 0000 | 4883 ec08 | 48b8 c0ca | 470e fd7f | 0000 ffd0 | 4883 c408 | e90c 0000 
  0x000001a86924ce40: 0048 b8c0 | ca47 0efd | 7f00 00ff | d048 83c4 | 2049 c787 | a003 0000 | 0000 0000 | 49c7 87b0 
  0x000001a86924ce60: 0300 0000 | 0000 0049 | c787 a803 | 0000 0000 | 0000 c5f8 | 7749 837f | 0800 0f84 | 0500 0000 
  0x000001a86924ce80: e97b 40ff | ff4c 8b6d | c04c 8b75 | c84e 8d74 | f500 c348 | 8b5d e84c | 8b5b 6041 | ffd3 488b 
  0x000001a86924cea0: 5de8 4889 | 4518 448b | 5b28 41f6 | c308 0f84 | 1b00 0000 | 4c8b 5b08 | 4d8b 5b08 | 4d8b 5b18 
  0x000001a86924cec0: 4d8b 5b70 | 4d8b 1b4c | 895d 1048 | 8d55 1048 | 8b43 5849 | ba40 0c7f | 0efd 7f00 | 0049 3bc2 
  0x000001a86924cee0: 0f85 ab00 | 0000 e805 | 0000 00e9 | 9900 0000 | 488b d348 | 8d44 2408 | 4c89 6dc0 | 498b cfc5 
  0x000001a86924cf00: f877 4989 | afb0 0300 | 0049 8987 | a003 0000 | 4883 ec20 | 40f6 c40f | 0f84 1900 | 0000 4883 
  0x000001a86924cf20: ec08 48b8 | c0ca 470e | fd7f 0000 | ffd0 4883 | c408 e90c | 0000 0048 | b8c0 ca47 | 0efd 7f00 
  0x000001a86924cf40: 00ff d048 | 83c4 2049 | c787 a003 | 0000 0000 | 0000 49c7 | 87b0 0300 | 0000 0000 | 0049 c787 
  0x000001a86924cf60: a803 0000 | 0000 0000 | c5f8 7749 | 837f 0800 | 0f84 0500 | 0000 e985 | 3fff ff4c | 8b6d c04c 
  0x000001a86924cf80: 8b75 c84e | 8d74 f500 | c348 8b5d | e848 8b43 | 5849 8d8f | c003 0000 | c5f8 7749 | 89af b003 
  0x000001a86924cfa0: 0000 49ba | 98cf 2469 | a801 0000 | 4d89 97a8 | 0300 0049 | 89a7 a003 | 0000 41c7 | 8754 0400 
  0x000001a86924cfc0: 0004 0000 | 00ff d0c5 | f877 4883 | ec10 c5fb | 1104 2448 | 83ec 1048 | 8904 2448 | c744 2408 
  0x000001a86924cfe0: 0000 0000 | 41c7 8754 | 0400 0005 | 0000 00f0 | 8344 24c0 | 0049 3baf | 5804 0000 | 0f87 0e00 
  0x000001a86924d000: 0000 4183 | bf50 0400 | 0000 0f84 | 2000 0000 | 498b cf4c | 8be4 4883 | ec20 4883 | e4f0 48b8 
  0x000001a86924d020: d01e 490e | fd7f 0000 | ffd0 498b | e44d 33e4 | 41c7 8754 | 0400 0008 | 0000 0049 | c787 a003 
  0x000001a86924d040: 0000 0000 | 0000 49c7 | 87b0 0300 | 0000 0000 | 0049 c787 | a803 0000 | 0000 0000 | c5f8 774d 
  0x000001a86924d060: 8b9f 3004 | 0000 41c7 | 8300 0100 | 0000 0000 | 0049 bb1a | a524 69a8 | 0100 004c | 3b5d 180f 
  0x000001a86924d080: 8524 0200 | 0048 8b04 | 2448 83c4 | 1048 85c0 | 0f84 fe01 | 0000 a803 | 0f85 0800 | 0000 488b 
  0x000001a86924d0a0: 00e9 ee01 | 0000 a801 | 0f85 0900 | 0000 488b | 40fe e9dd | 0100 0048 | 8b40 ff41 | 807f 3800 
  0x000001a86924d0c0: 0f84 ce01 | 0000 4883 | f800 0f84 | c401 0000 | 4d8b 5f28 | 4983 fb00 | 0f84 1400 | 0000 4983 
  0x000001a86924d0e0: eb08 4d89 | 5f28 4d03 | 5f30 4989 | 03e9 a201 | 0000 4881 | ecd0 0000 | 0048 8904 | 2448 894c 
  0x000001a86924d100: 2408 4889 | 5424 1048 | 8974 2418 | 4889 7c24 | 204c 8944 | 2428 4c89 | 4c24 304c | 8954 2438 
  0x000001a86924d120: 4c89 5c24 | 40c5 fb11 | 4424 50c5 | fb11 4c24 | 58c5 fb11 | 5424 60c5 | fb11 5c24 | 68c5 fb11 
  0x000001a86924d140: 6424 70c5 | fb11 6c24 | 78c5 fb11 | b424 8000 | 0000 c5fb | 11bc 2488 | 0000 00c5 | 7b11 8424 
  0x000001a86924d160: 9000 0000 | c57b 118c | 2498 0000 | 00c5 7b11 | 9424 a000 | 0000 c57b | 119c 24a8 | 0000 00c5 
  0x000001a86924d180: 7b11 a424 | b000 0000 | c57b 11ac | 24b8 0000 | 00c5 7b11 | b424 c000 | 0000 c57b | 11bc 24c8 
  0x000001a86924d1a0: 0000 0049 | 8bd7 488b | c848 83ec | 2040 f6c4 | 0f0f 8419 | 0000 0048 | 83ec 0848 | b8e0 3e3c 
  0x000001a86924d1c0: 0efd 7f00 | 00ff d048 | 83c4 08e9 | 0c00 0000 | 48b8 e03e | 3c0e fd7f | 0000 ffd0 | 4883 c420 
  0x000001a86924d1e0: c57b 10bc | 24c8 0000 | 00c5 7b10 | b424 c000 | 0000 c57b | 10ac 24b8 | 0000 00c5 | 7b10 a424 
  0x000001a86924d200: b000 0000 | c57b 109c | 24a8 0000 | 00c5 7b10 | 9424 a000 | 0000 c57b | 108c 2498 | 0000 00c5 
  0x000001a86924d220: 7b10 8424 | 9000 0000 | c5fb 10bc | 2488 0000 | 00c5 fb10 | b424 8000 | 0000 c5fb | 106c 2478 
  0x000001a86924d240: c5fb 1064 | 2470 c5fb | 105c 2468 | c5fb 1054 | 2460 c5fb | 104c 2458 | c5fb 1044 | 2450 4c8b 
  0x000001a86924d260: 5c24 404c | 8b54 2438 | 4c8b 4c24 | 304c 8b44 | 2428 488b | 7c24 2048 | 8b74 2418 | 488b 5424 
  0x000001a86924d280: 1048 8b4c | 2408 488b | 0424 4881 | c4d0 0000 | 00c5 f877 | 4889 4510 | 4883 ec10 | 4889 0424 
  0x000001a86924d2a0: 48c7 4424 | 0800 0000 | 0041 83bf | d004 0000 | 020f 85bf | 0000 0048 | 81ec 8000 | 0000 4889 
  0x000001a86924d2c0: 4424 7848 | 894c 2470 | 4889 5424 | 6848 895c | 2460 4889 | 6c24 5048 | 8974 2448 | 4889 7c24 
  0x000001a86924d2e0: 404c 8944 | 2438 4c89 | 4c24 304c | 8954 2428 | 4c89 5c24 | 204c 8964 | 2418 4c89 | 6c24 104c 
  0x000001a86924d300: 8974 2408 | 4c89 3c24 | 4c8b e448 | 83ec 2048 | 83e4 f048 | b890 ed7e | 0efd 7f00 | 00ff d049 
  0x000001a86924d320: 8be4 4c8b | 3c24 4c8b | 7424 084c | 8b6c 2410 | 4c8b 6424 | 184c 8b5c | 2420 4c8b | 5424 284c 
  0x000001a86924d340: 8b4c 2430 | 4c8b 4424 | 3848 8b7c | 2440 488b | 7424 4848 | 8b6c 2450 | 488b 5c24 | 6048 8b54 
  0x000001a86924d360: 2468 488b | 4c24 7048 | 8b44 2478 | 4881 c480 | 0000 004d | 33e4 488b | 5de8 4c8b | 6b08 4d8d 
  0x000001a86924d380: 6d38 4983 | 7f08 000f | 84bb 0000 | 00e8 0500 | 0000 e996 | 0000 0048 | 8d44 2408 | 4c89 6dc0 
  0x000001a86924d3a0: 498b cfc5 | f877 4989 | afb0 0300 | 0049 8987 | a003 0000 | 4883 ec20 | 40f6 c40f | 0f84 1900 
  0x000001a86924d3c0: 0000 4883 | ec08 48b8 | 00e9 470e | fd7f 0000 | ffd0 4883 | c408 e90c | 0000 0048 | b800 e947 
  0x000001a86924d3e0: 0efd 7f00 | 00ff d048 | 83c4 2049 | c787 a003 | 0000 0000 | 0000 49c7 | 87b0 0300 | 0000 0000 
  0x000001a86924d400: 0049 c787 | a803 0000 | 0000 0000 | c5f8 7749 | 837f 0800 | 0f84 0500 | 0000 e9e1 | 3aff ff4c 
  0x000001a86924d420: 8b6d c04c | 8b75 c84e | 8d74 f500 | c348 b9c0 | 18a6 0efd | 7f00 0048 | 83e4 f048 | b8c0 946d 
  0x000001a86924d440: 0efd 7f00 | 00ff d0f4 | 448b 5b28 | 41f6 c320 | 0f84 4401 | 0000 488d | 55a8 4c8b | 5a08 4d85 
  0x000001a86924d460: db0f 85bb | 0000 00e8 | 0500 0000 | e996 0000 | 0048 8d44 | 2408 4c89 | 6dc0 498b | cfc5 f877 
  0x000001a86924d480: 4989 afb0 | 0300 0049 | 8987 a003 | 0000 4883 | ec20 40f6 | c40f 0f84 | 1900 0000 | 4883 ec08 
  0x000001a86924d4a0: 48b8 30e8 | 470e fd7f | 0000 ffd0 | 4883 c408 | e90c 0000 | 0048 b830 | e847 0efd | 7f00 00ff 
  0x000001a86924d4c0: d048 83c4 | 2049 c787 | a003 0000 | 0000 0000 | 49c7 87b0 | 0300 0000 | 0000 0049 | c787 a803 
  0x000001a86924d4e0: 0000 0000 | 0000 c5f8 | 7749 837f | 0800 0f84 | 0500 0000 | e907 3aff | ff4c 8b6d | c04c 8b75 
  0x000001a86924d500: c84e 8d74 | f500 c348 | b9c0 18a6 | 0efd 7f00 | 0048 83e4 | f048 b8c0 | 946d 0efd | 7f00 00ff 
  0x000001a86924d520: d0f4 4c89 | 6dc0 488d | 024c 8b4a | 0848 c742 | 0800 0000 | 004c 8b00 | 4d85 c00f | 840b 0000 
  0x000001a86924d540: 00f0 4d0f | b101 0f85 | 0c00 0000 | 49ff 8f58 | 0500 00e9 | 3e00 0000 | 4c89 4a08 | 488b ca48 
  0x000001a86924d560: 83ec 2040 | f6c4 0f0f | 8419 0000 | 0048 83ec | 0848 b8c0 | ba47 0efd | 7f00 00ff | d048 83c4 
  0x000001a86924d580: 08e9 0c00 | 0000 48b8 | c0ba 470e | fd7f 0000 | ffd0 4883 | c420 4c8b | 6dc0 49ba | 9c30 ce0e 
  0x000001a86924d5a0: fd7f 0000 | 4180 3a00 | 0f84 3e00 | 0000 488b | 55e8 498b | cf48 83ec | 2040 f6c4 | 0f0f 8419 
  0x000001a86924d5c0: 0000 0048 | 83ec 0848 | b840 b57e | 0efd 7f00 | 00ff d048 | 83c4 08e9 | 0c00 0000 | 48b8 40b5 
  0x000001a86924d5e0: 7e0e fd7f | 0000 ffd0 | 4883 c420 | 488b 0424 | 4883 c410 | c5fb 1004 | 2448 83c4 | 104c 8b5d 
  0x000001a86924d600: 1841 ffd3 | 4c8b 5df8 | c95f 498b | e3ff e7ba | 0000 0000 | e805 0000 | 00e9 9600 | 0000 488d 
  0x000001a86924d620: 4424 084c | 896d c049 | 8bcf c5f8 | 7749 89af | b003 0000 | 4989 87a0 | 0300 0048 | 83ec 2040 
  0x000001a86924d640: f6c4 0f0f | 8419 0000 | 0048 83ec | 0848 b880 | ae47 0efd | 7f00 00ff | d048 83c4 | 08e9 0c00 
  0x000001a86924d660: 0000 48b8 | 80ae 470e | fd7f 0000 | ffd0 4883 | c420 49c7 | 87a0 0300 | 0000 0000 | 0049 c787 
  0x000001a86924d680: b003 0000 | 0000 0000 | 49c7 87a8 | 0300 0000 | 0000 00c5 | f877 4983 | 7f08 000f | 8405 0000 
  0x000001a86924d6a0: 00e9 5a38 | ffff 4c8b | 6dc0 4c8b | 75c8 4e8d | 74f5 00c3 | 488b 5de8 | e95b f6ff | ff66 6690 
[/MachCode]

---------------  P R O C E S S  ---------------

Threads class SMR info:
_java_thread_list=0x000001a84523f1f0, length=12, elements={
0x000001a8578ad4a0, 0x000001a8793357b0, 0x000001a8793364d0, 0x000001a879338fe0,
0x000001a87933a7d0, 0x000001a87933b230, 0x000001a87933c430, 0x000001a879346120,
0x000001a87936df50, 0x000001a87936d1b0, 0x000001a8452be420, 0x000001a8452c32f0
}

Java Threads: ( => current thread )
=>0x000001a8578ad4a0 JavaThread "main"                              [_thread_in_native, id=13328, stack(0x0000009fa4500000,0x0000009fa4600000) (1024K)]
  0x000001a8793357b0 JavaThread "Reference Handler"          daemon [_thread_blocked, id=28552, stack(0x0000009fa4d00000,0x0000009fa4e00000) (1024K)]
  0x000001a8793364d0 JavaThread "Finalizer"                  daemon [_thread_blocked, id=34784, stack(0x0000009fa4e00000,0x0000009fa4f00000) (1024K)]
  0x000001a879338fe0 JavaThread "Signal Dispatcher"          daemon [_thread_blocked, id=37696, stack(0x0000009fa4f00000,0x0000009fa5000000) (1024K)]
  0x000001a87933a7d0 JavaThread "Attach Listener"            daemon [_thread_blocked, id=37472, stack(0x0000009fa5000000,0x0000009fa5100000) (1024K)]
  0x000001a87933b230 JavaThread "Service Thread"             daemon [_thread_blocked, id=2096, stack(0x0000009fa5100000,0x0000009fa5200000) (1024K)]
  0x000001a87933c430 JavaThread "Monitor Deflation Thread"   daemon [_thread_blocked, id=27544, stack(0x0000009fa5200000,0x0000009fa5300000) (1024K)]
  0x000001a879346120 JavaThread "C2 CompilerThread0"         daemon [_thread_blocked, id=32176, stack(0x0000009fa5300000,0x0000009fa5400000) (1024K)]
  0x000001a87936df50 JavaThread "C1 CompilerThread0"         daemon [_thread_blocked, id=35376, stack(0x0000009fa5400000,0x0000009fa5500000) (1024K)]
  0x000001a87936d1b0 JavaThread "C1 CompilerThread1"         daemon [_thread_blocked, id=32428, stack(0x0000009fa5500000,0x0000009fa5600000) (1024K)]
  0x000001a8452be420 JavaThread "Notification Thread"        daemon [_thread_blocked, id=37920, stack(0x0000009fa5600000,0x0000009fa5700000) (1024K)]
  0x000001a8452c32f0 JavaThread "Common-Cleaner"             daemon [_thread_blocked, id=1580, stack(0x0000009fa5700000,0x0000009fa5800000) (1024K)]
Total: 12

Other Threads:
  0x000001a87931b790 VMThread "VM Thread"                           [id=37832, stack(0x0000009fa4c00000,0x0000009fa4d00000) (1024K)]
  0x000001a8793027b0 WatcherThread "VM Periodic Task Thread"        [id=36520, stack(0x0000009fa4b00000,0x0000009fa4c00000) (1024K)]
  0x000001a859b04b10 WorkerThread "GC Thread#0"                     [id=37624, stack(0x0000009fa4600000,0x0000009fa4700000) (1024K)]
  0x000001a859b158d0 ConcurrentGCThread "G1 Main Marker"            [id=15388, stack(0x0000009fa4700000,0x0000009fa4800000) (1024K)]
  0x000001a859b16c30 WorkerThread "G1 Conc#0"                       [id=23928, stack(0x0000009fa4800000,0x0000009fa4900000) (1024K)]
  0x000001a8791d69b0 ConcurrentGCThread "G1 Refine#0"               [id=37744, stack(0x0000009fa4900000,0x0000009fa4a00000) (1024K)]
  0x000001a8791d71e0 ConcurrentGCThread "G1 Service"                [id=21992, stack(0x0000009fa4a00000,0x0000009fa4b00000) (1024K)]
Total: 7

Threads with active compile tasks:
Total: 0

VM state: not at safepoint (normal execution)

VM Mutex/Monitor currently owned by a thread: None

Heap address: 0x0000000709400000, size: 3948 MB, Compressed Oops mode: Zero based, Oop shift amount: 3

CDS archive(s) mapped at: [0x000001a800000000-0x000001a800c60000-0x000001a800c60000), size 12976128, SharedBaseAddress: 0x000001a800000000, ArchiveRelocationMode: 1.
Compressed class space mapped at: 0x000001a801000000-0x000001a841000000, reserved size: 1073741824
Narrow klass base: 0x000001a800000000, Narrow klass shift: 0, Narrow klass range: 0x41000000

GC Precious Log:
 CardTable entry size: 512
 Card Set container configuration: InlinePtr #cards 4 size 8 Array Of Cards #cards 16 size 48 Howl #buckets 8 coarsen threshold 3686 Howl Bitmap #cards 512 size 80 coarsen threshold 460 Card regions per heap region 1 cards per card region 4096
 CPUs: 16 total, 16 available
 Memory: 15789M
 Large Page Support: Disabled
 NUMA Support: Disabled
 Compressed Oops: Enabled (Zero based)
 Heap Region Size: 2M
 Heap Min Capacity: 8M
 Heap Initial Capacity: 248M
 Heap Max Capacity: 3948M
 Pre-touch: Disabled
 Parallel Workers: 13
 Concurrent Workers: 3
 Concurrent Refinement Workers: 13
 Periodic GC: Disabled

Heap:
 garbage-first heap   total reserved 4042752K, committed 253952K, used 4096K [0x0000000709400000, 0x0000000800000000)
  region size 2048K, 3 young (6144K), 0 survivors (0K)
 Metaspace       used 680K, committed 832K, reserved 1114112K
  class space    used 59K, committed 128K, reserved 1048576K

Heap Regions: E=young(eden), S=young(survivor), O=old, HS=humongous(starts), HC=humongous(continues), CS=collection set, F=free, TAMS=top-at-mark-start, PB=parsable bottom
|   0|0x0000000709400000, 0x0000000709400000, 0x0000000709600000|  0%| F|  |TAMS 0x0000000709400000| PB 0x0000000709400000| Untracked |  0
|   1|0x0000000709600000, 0x0000000709600000, 0x0000000709800000|  0%| F|  |TAMS 0x0000000709600000| PB 0x0000000709600000| Untracked |  0
|   2|0x0000000709800000, 0x0000000709800000, 0x0000000709a00000|  0%| F|  |TAMS 0x0000000709800000| PB 0x0000000709800000| Untracked |  0
|   3|0x0000000709a00000, 0x0000000709a00000, 0x0000000709c00000|  0%| F|  |TAMS 0x0000000709a00000| PB 0x0000000709a00000| Untracked |  0
|   4|0x0000000709c00000, 0x0000000709c00000, 0x0000000709e00000|  0%| F|  |TAMS 0x0000000709c00000| PB 0x0000000709c00000| Untracked |  0
|   5|0x0000000709e00000, 0x0000000709e00000, 0x000000070a000000|  0%| F|  |TAMS 0x0000000709e00000| PB 0x0000000709e00000| Untracked |  0
|   6|0x000000070a000000, 0x000000070a000000, 0x000000070a200000|  0%| F|  |TAMS 0x000000070a000000| PB 0x000000070a000000| Untracked |  0
|   7|0x000000070a200000, 0x000000070a200000, 0x000000070a400000|  0%| F|  |TAMS 0x000000070a200000| PB 0x000000070a200000| Untracked |  0
|   8|0x000000070a400000, 0x000000070a400000, 0x000000070a600000|  0%| F|  |TAMS 0x000000070a400000| PB 0x000000070a400000| Untracked |  0
|   9|0x000000070a600000, 0x000000070a600000, 0x000000070a800000|  0%| F|  |TAMS 0x000000070a600000| PB 0x000000070a600000| Untracked |  0
|  10|0x000000070a800000, 0x000000070a800000, 0x000000070aa00000|  0%| F|  |TAMS 0x000000070a800000| PB 0x000000070a800000| Untracked |  0
|  11|0x000000070aa00000, 0x000000070aa00000, 0x000000070ac00000|  0%| F|  |TAMS 0x000000070aa00000| PB 0x000000070aa00000| Untracked |  0
|  12|0x000000070ac00000, 0x000000070ac00000, 0x000000070ae00000|  0%| F|  |TAMS 0x000000070ac00000| PB 0x000000070ac00000| Untracked |  0
|  13|0x000000070ae00000, 0x000000070ae00000, 0x000000070b000000|  0%| F|  |TAMS 0x000000070ae00000| PB 0x000000070ae00000| Untracked |  0
|  14|0x000000070b000000, 0x000000070b000000, 0x000000070b200000|  0%| F|  |TAMS 0x000000070b000000| PB 0x000000070b000000| Untracked |  0
|  15|0x000000070b200000, 0x000000070b200000, 0x000000070b400000|  0%| F|  |TAMS 0x000000070b200000| PB 0x000000070b200000| Untracked |  0
|  16|0x000000070b400000, 0x000000070b400000, 0x000000070b600000|  0%| F|  |TAMS 0x000000070b400000| PB 0x000000070b400000| Untracked |  0
|  17|0x000000070b600000, 0x000000070b600000, 0x000000070b800000|  0%| F|  |TAMS 0x000000070b600000| PB 0x000000070b600000| Untracked |  0
|  18|0x000000070b800000, 0x000000070b800000, 0x000000070ba00000|  0%| F|  |TAMS 0x000000070b800000| PB 0x000000070b800000| Untracked |  0
|  19|0x000000070ba00000, 0x000000070ba00000, 0x000000070bc00000|  0%| F|  |TAMS 0x000000070ba00000| PB 0x000000070ba00000| Untracked |  0
|  20|0x000000070bc00000, 0x000000070bc00000, 0x000000070be00000|  0%| F|  |TAMS 0x000000070bc00000| PB 0x000000070bc00000| Untracked |  0
|  21|0x000000070be00000, 0x000000070be00000, 0x000000070c000000|  0%| F|  |TAMS 0x000000070be00000| PB 0x000000070be00000| Untracked |  0
|  22|0x000000070c000000, 0x000000070c000000, 0x000000070c200000|  0%| F|  |TAMS 0x000000070c000000| PB 0x000000070c000000| Untracked |  0
|  23|0x000000070c200000, 0x000000070c200000, 0x000000070c400000|  0%| F|  |TAMS 0x000000070c200000| PB 0x000000070c200000| Untracked |  0
|  24|0x000000070c400000, 0x000000070c400000, 0x000000070c600000|  0%| F|  |TAMS 0x000000070c400000| PB 0x000000070c400000| Untracked |  0
|  25|0x000000070c600000, 0x000000070c600000, 0x000000070c800000|  0%| F|  |TAMS 0x000000070c600000| PB 0x000000070c600000| Untracked |  0
|  26|0x000000070c800000, 0x000000070c800000, 0x000000070ca00000|  0%| F|  |TAMS 0x000000070c800000| PB 0x000000070c800000| Untracked |  0
|  27|0x000000070ca00000, 0x000000070ca00000, 0x000000070cc00000|  0%| F|  |TAMS 0x000000070ca00000| PB 0x000000070ca00000| Untracked |  0
|  28|0x000000070cc00000, 0x000000070cc00000, 0x000000070ce00000|  0%| F|  |TAMS 0x000000070cc00000| PB 0x000000070cc00000| Untracked |  0
|  29|0x000000070ce00000, 0x000000070ce00000, 0x000000070d000000|  0%| F|  |TAMS 0x000000070ce00000| PB 0x000000070ce00000| Untracked |  0
|  30|0x000000070d000000, 0x000000070d000000, 0x000000070d200000|  0%| F|  |TAMS 0x000000070d000000| PB 0x000000070d000000| Untracked |  0
|  31|0x000000070d200000, 0x000000070d200000, 0x000000070d400000|  0%| F|  |TAMS 0x000000070d200000| PB 0x000000070d200000| Untracked |  0
|  32|0x000000070d400000, 0x000000070d400000, 0x000000070d600000|  0%| F|  |TAMS 0x000000070d400000| PB 0x000000070d400000| Untracked |  0
|  33|0x000000070d600000, 0x000000070d600000, 0x000000070d800000|  0%| F|  |TAMS 0x000000070d600000| PB 0x000000070d600000| Untracked |  0
|  34|0x000000070d800000, 0x000000070d800000, 0x000000070da00000|  0%| F|  |TAMS 0x000000070d800000| PB 0x000000070d800000| Untracked |  0
|  35|0x000000070da00000, 0x000000070da00000, 0x000000070dc00000|  0%| F|  |TAMS 0x000000070da00000| PB 0x000000070da00000| Untracked |  0
|  36|0x000000070dc00000, 0x000000070dc00000, 0x000000070de00000|  0%| F|  |TAMS 0x000000070dc00000| PB 0x000000070dc00000| Untracked |  0
|  37|0x000000070de00000, 0x000000070de00000, 0x000000070e000000|  0%| F|  |TAMS 0x000000070de00000| PB 0x000000070de00000| Untracked |  0
|  38|0x000000070e000000, 0x000000070e000000, 0x000000070e200000|  0%| F|  |TAMS 0x000000070e000000| PB 0x000000070e000000| Untracked |  0
|  39|0x000000070e200000, 0x000000070e200000, 0x000000070e400000|  0%| F|  |TAMS 0x000000070e200000| PB 0x000000070e200000| Untracked |  0
|  40|0x000000070e400000, 0x000000070e400000, 0x000000070e600000|  0%| F|  |TAMS 0x000000070e400000| PB 0x000000070e400000| Untracked |  0
|  41|0x000000070e600000, 0x000000070e600000, 0x000000070e800000|  0%| F|  |TAMS 0x000000070e600000| PB 0x000000070e600000| Untracked |  0
|  42|0x000000070e800000, 0x000000070e800000, 0x000000070ea00000|  0%| F|  |TAMS 0x000000070e800000| PB 0x000000070e800000| Untracked |  0
|  43|0x000000070ea00000, 0x000000070ea00000, 0x000000070ec00000|  0%| F|  |TAMS 0x000000070ea00000| PB 0x000000070ea00000| Untracked |  0
|  44|0x000000070ec00000, 0x000000070ec00000, 0x000000070ee00000|  0%| F|  |TAMS 0x000000070ec00000| PB 0x000000070ec00000| Untracked |  0
|  45|0x000000070ee00000, 0x000000070ee00000, 0x000000070f000000|  0%| F|  |TAMS 0x000000070ee00000| PB 0x000000070ee00000| Untracked |  0
|  46|0x000000070f000000, 0x000000070f000000, 0x000000070f200000|  0%| F|  |TAMS 0x000000070f000000| PB 0x000000070f000000| Untracked |  0
|  47|0x000000070f200000, 0x000000070f200000, 0x000000070f400000|  0%| F|  |TAMS 0x000000070f200000| PB 0x000000070f200000| Untracked |  0
|  48|0x000000070f400000, 0x000000070f400000, 0x000000070f600000|  0%| F|  |TAMS 0x000000070f400000| PB 0x000000070f400000| Untracked |  0
|  49|0x000000070f600000, 0x000000070f600000, 0x000000070f800000|  0%| F|  |TAMS 0x000000070f600000| PB 0x000000070f600000| Untracked |  0
|  50|0x000000070f800000, 0x000000070f800000, 0x000000070fa00000|  0%| F|  |TAMS 0x000000070f800000| PB 0x000000070f800000| Untracked |  0
|  51|0x000000070fa00000, 0x000000070fa00000, 0x000000070fc00000|  0%| F|  |TAMS 0x000000070fa00000| PB 0x000000070fa00000| Untracked |  0
|  52|0x000000070fc00000, 0x000000070fc00000, 0x000000070fe00000|  0%| F|  |TAMS 0x000000070fc00000| PB 0x000000070fc00000| Untracked |  0
|  53|0x000000070fe00000, 0x000000070fe00000, 0x0000000710000000|  0%| F|  |TAMS 0x000000070fe00000| PB 0x000000070fe00000| Untracked |  0
|  54|0x0000000710000000, 0x0000000710000000, 0x0000000710200000|  0%| F|  |TAMS 0x0000000710000000| PB 0x0000000710000000| Untracked |  0
|  55|0x0000000710200000, 0x0000000710200000, 0x0000000710400000|  0%| F|  |TAMS 0x0000000710200000| PB 0x0000000710200000| Untracked |  0
|  56|0x0000000710400000, 0x0000000710400000, 0x0000000710600000|  0%| F|  |TAMS 0x0000000710400000| PB 0x0000000710400000| Untracked |  0
|  57|0x0000000710600000, 0x0000000710600000, 0x0000000710800000|  0%| F|  |TAMS 0x0000000710600000| PB 0x0000000710600000| Untracked |  0
|  58|0x0000000710800000, 0x0000000710800000, 0x0000000710a00000|  0%| F|  |TAMS 0x0000000710800000| PB 0x0000000710800000| Untracked |  0
|  59|0x0000000710a00000, 0x0000000710a00000, 0x0000000710c00000|  0%| F|  |TAMS 0x0000000710a00000| PB 0x0000000710a00000| Untracked |  0
|  60|0x0000000710c00000, 0x0000000710c00000, 0x0000000710e00000|  0%| F|  |TAMS 0x0000000710c00000| PB 0x0000000710c00000| Untracked |  0
|  61|0x0000000710e00000, 0x0000000710e00000, 0x0000000711000000|  0%| F|  |TAMS 0x0000000710e00000| PB 0x0000000710e00000| Untracked |  0
|  62|0x0000000711000000, 0x0000000711000000, 0x0000000711200000|  0%| F|  |TAMS 0x0000000711000000| PB 0x0000000711000000| Untracked |  0
|  63|0x0000000711200000, 0x0000000711200000, 0x0000000711400000|  0%| F|  |TAMS 0x0000000711200000| PB 0x0000000711200000| Untracked |  0
|  64|0x0000000711400000, 0x0000000711400000, 0x0000000711600000|  0%| F|  |TAMS 0x0000000711400000| PB 0x0000000711400000| Untracked |  0
|  65|0x0000000711600000, 0x0000000711600000, 0x0000000711800000|  0%| F|  |TAMS 0x0000000711600000| PB 0x0000000711600000| Untracked |  0
|  66|0x0000000711800000, 0x0000000711800000, 0x0000000711a00000|  0%| F|  |TAMS 0x0000000711800000| PB 0x0000000711800000| Untracked |  0
|  67|0x0000000711a00000, 0x0000000711a00000, 0x0000000711c00000|  0%| F|  |TAMS 0x0000000711a00000| PB 0x0000000711a00000| Untracked |  0
|  68|0x0000000711c00000, 0x0000000711c00000, 0x0000000711e00000|  0%| F|  |TAMS 0x0000000711c00000| PB 0x0000000711c00000| Untracked |  0
|  69|0x0000000711e00000, 0x0000000711e00000, 0x0000000712000000|  0%| F|  |TAMS 0x0000000711e00000| PB 0x0000000711e00000| Untracked |  0
|  70|0x0000000712000000, 0x0000000712000000, 0x0000000712200000|  0%| F|  |TAMS 0x0000000712000000| PB 0x0000000712000000| Untracked |  0
|  71|0x0000000712200000, 0x0000000712200000, 0x0000000712400000|  0%| F|  |TAMS 0x0000000712200000| PB 0x0000000712200000| Untracked |  0
|  72|0x0000000712400000, 0x0000000712400000, 0x0000000712600000|  0%| F|  |TAMS 0x0000000712400000| PB 0x0000000712400000| Untracked |  0
|  73|0x0000000712600000, 0x0000000712600000, 0x0000000712800000|  0%| F|  |TAMS 0x0000000712600000| PB 0x0000000712600000| Untracked |  0
|  74|0x0000000712800000, 0x0000000712800000, 0x0000000712a00000|  0%| F|  |TAMS 0x0000000712800000| PB 0x0000000712800000| Untracked |  0
|  75|0x0000000712a00000, 0x0000000712a00000, 0x0000000712c00000|  0%| F|  |TAMS 0x0000000712a00000| PB 0x0000000712a00000| Untracked |  0
|  76|0x0000000712c00000, 0x0000000712c00000, 0x0000000712e00000|  0%| F|  |TAMS 0x0000000712c00000| PB 0x0000000712c00000| Untracked |  0
|  77|0x0000000712e00000, 0x0000000712e00000, 0x0000000713000000|  0%| F|  |TAMS 0x0000000712e00000| PB 0x0000000712e00000| Untracked |  0
|  78|0x0000000713000000, 0x0000000713000000, 0x0000000713200000|  0%| F|  |TAMS 0x0000000713000000| PB 0x0000000713000000| Untracked |  0
|  79|0x0000000713200000, 0x0000000713200000, 0x0000000713400000|  0%| F|  |TAMS 0x0000000713200000| PB 0x0000000713200000| Untracked |  0
|  80|0x0000000713400000, 0x0000000713400000, 0x0000000713600000|  0%| F|  |TAMS 0x0000000713400000| PB 0x0000000713400000| Untracked |  0
|  81|0x0000000713600000, 0x0000000713600000, 0x0000000713800000|  0%| F|  |TAMS 0x0000000713600000| PB 0x0000000713600000| Untracked |  0
|  82|0x0000000713800000, 0x0000000713800000, 0x0000000713a00000|  0%| F|  |TAMS 0x0000000713800000| PB 0x0000000713800000| Untracked |  0
|  83|0x0000000713a00000, 0x0000000713a00000, 0x0000000713c00000|  0%| F|  |TAMS 0x0000000713a00000| PB 0x0000000713a00000| Untracked |  0
|  84|0x0000000713c00000, 0x0000000713c00000, 0x0000000713e00000|  0%| F|  |TAMS 0x0000000713c00000| PB 0x0000000713c00000| Untracked |  0
|  85|0x0000000713e00000, 0x0000000713e00000, 0x0000000714000000|  0%| F|  |TAMS 0x0000000713e00000| PB 0x0000000713e00000| Untracked |  0
|  86|0x0000000714000000, 0x0000000714000000, 0x0000000714200000|  0%| F|  |TAMS 0x0000000714000000| PB 0x0000000714000000| Untracked |  0
|  87|0x0000000714200000, 0x0000000714200000, 0x0000000714400000|  0%| F|  |TAMS 0x0000000714200000| PB 0x0000000714200000| Untracked |  0
|  88|0x0000000714400000, 0x0000000714400000, 0x0000000714600000|  0%| F|  |TAMS 0x0000000714400000| PB 0x0000000714400000| Untracked |  0
|  89|0x0000000714600000, 0x0000000714600000, 0x0000000714800000|  0%| F|  |TAMS 0x0000000714600000| PB 0x0000000714600000| Untracked |  0
|  90|0x0000000714800000, 0x0000000714800000, 0x0000000714a00000|  0%| F|  |TAMS 0x0000000714800000| PB 0x0000000714800000| Untracked |  0
|  91|0x0000000714a00000, 0x0000000714a00000, 0x0000000714c00000|  0%| F|  |TAMS 0x0000000714a00000| PB 0x0000000714a00000| Untracked |  0
|  92|0x0000000714c00000, 0x0000000714c00000, 0x0000000714e00000|  0%| F|  |TAMS 0x0000000714c00000| PB 0x0000000714c00000| Untracked |  0
|  93|0x0000000714e00000, 0x0000000714e00000, 0x0000000715000000|  0%| F|  |TAMS 0x0000000714e00000| PB 0x0000000714e00000| Untracked |  0
|  94|0x0000000715000000, 0x0000000715000000, 0x0000000715200000|  0%| F|  |TAMS 0x0000000715000000| PB 0x0000000715000000| Untracked |  0
|  95|0x0000000715200000, 0x0000000715200000, 0x0000000715400000|  0%| F|  |TAMS 0x0000000715200000| PB 0x0000000715200000| Untracked |  0
|  96|0x0000000715400000, 0x0000000715400000, 0x0000000715600000|  0%| F|  |TAMS 0x0000000715400000| PB 0x0000000715400000| Untracked |  0
|  97|0x0000000715600000, 0x0000000715600000, 0x0000000715800000|  0%| F|  |TAMS 0x0000000715600000| PB 0x0000000715600000| Untracked |  0
|  98|0x0000000715800000, 0x0000000715800000, 0x0000000715a00000|  0%| F|  |TAMS 0x0000000715800000| PB 0x0000000715800000| Untracked |  0
|  99|0x0000000715a00000, 0x0000000715a00000, 0x0000000715c00000|  0%| F|  |TAMS 0x0000000715a00000| PB 0x0000000715a00000| Untracked |  0
| 100|0x0000000715c00000, 0x0000000715c00000, 0x0000000715e00000|  0%| F|  |TAMS 0x0000000715c00000| PB 0x0000000715c00000| Untracked |  0
| 101|0x0000000715e00000, 0x0000000715e00000, 0x0000000716000000|  0%| F|  |TAMS 0x0000000715e00000| PB 0x0000000715e00000| Untracked |  0
| 102|0x0000000716000000, 0x0000000716000000, 0x0000000716200000|  0%| F|  |TAMS 0x0000000716000000| PB 0x0000000716000000| Untracked |  0
| 103|0x0000000716200000, 0x0000000716200000, 0x0000000716400000|  0%| F|  |TAMS 0x0000000716200000| PB 0x0000000716200000| Untracked |  0
| 104|0x0000000716400000, 0x0000000716400000, 0x0000000716600000|  0%| F|  |TAMS 0x0000000716400000| PB 0x0000000716400000| Untracked |  0
| 105|0x0000000716600000, 0x0000000716600000, 0x0000000716800000|  0%| F|  |TAMS 0x0000000716600000| PB 0x0000000716600000| Untracked |  0
| 106|0x0000000716800000, 0x0000000716800000, 0x0000000716a00000|  0%| F|  |TAMS 0x0000000716800000| PB 0x0000000716800000| Untracked |  0
| 107|0x0000000716a00000, 0x0000000716a00000, 0x0000000716c00000|  0%| F|  |TAMS 0x0000000716a00000| PB 0x0000000716a00000| Untracked |  0
| 108|0x0000000716c00000, 0x0000000716c00000, 0x0000000716e00000|  0%| F|  |TAMS 0x0000000716c00000| PB 0x0000000716c00000| Untracked |  0
| 109|0x0000000716e00000, 0x0000000716e00000, 0x0000000717000000|  0%| F|  |TAMS 0x0000000716e00000| PB 0x0000000716e00000| Untracked |  0
| 110|0x0000000717000000, 0x0000000717000000, 0x0000000717200000|  0%| F|  |TAMS 0x0000000717000000| PB 0x0000000717000000| Untracked |  0
| 111|0x0000000717200000, 0x0000000717200000, 0x0000000717400000|  0%| F|  |TAMS 0x0000000717200000| PB 0x0000000717200000| Untracked |  0
| 112|0x0000000717400000, 0x0000000717400000, 0x0000000717600000|  0%| F|  |TAMS 0x0000000717400000| PB 0x0000000717400000| Untracked |  0
| 113|0x0000000717600000, 0x0000000717600000, 0x0000000717800000|  0%| F|  |TAMS 0x0000000717600000| PB 0x0000000717600000| Untracked |  0
| 114|0x0000000717800000, 0x0000000717800000, 0x0000000717a00000|  0%| F|  |TAMS 0x0000000717800000| PB 0x0000000717800000| Untracked |  0
| 115|0x0000000717a00000, 0x0000000717a00000, 0x0000000717c00000|  0%| F|  |TAMS 0x0000000717a00000| PB 0x0000000717a00000| Untracked |  0
| 116|0x0000000717c00000, 0x0000000717c00000, 0x0000000717e00000|  0%| F|  |TAMS 0x0000000717c00000| PB 0x0000000717c00000| Untracked |  0
| 117|0x0000000717e00000, 0x0000000717e00000, 0x0000000718000000|  0%| F|  |TAMS 0x0000000717e00000| PB 0x0000000717e00000| Untracked |  0
| 118|0x0000000718000000, 0x0000000718000000, 0x0000000718200000|  0%| F|  |TAMS 0x0000000718000000| PB 0x0000000718000000| Untracked |  0
| 119|0x0000000718200000, 0x0000000718200000, 0x0000000718400000|  0%| F|  |TAMS 0x0000000718200000| PB 0x0000000718200000| Untracked |  0
| 120|0x0000000718400000, 0x0000000718400000, 0x0000000718600000|  0%| F|  |TAMS 0x0000000718400000| PB 0x0000000718400000| Untracked |  0
| 121|0x0000000718600000, 0x000000071867ae30, 0x0000000718800000| 24%| E|  |TAMS 0x0000000718600000| PB 0x0000000718600000| Complete |  0
| 122|0x0000000718800000, 0x0000000718a00000, 0x0000000718a00000|100%| E|CS|TAMS 0x0000000718800000| PB 0x0000000718800000| Complete |  0
| 123|0x0000000718a00000, 0x0000000718c00000, 0x0000000718c00000|100%| E|CS|TAMS 0x0000000718a00000| PB 0x0000000718a00000| Complete |  0

Card table byte_map: [0x000001a871e30000,0x000001a8725f0000] _byte_map_base: 0x000001a86e5e6000

Marking Bits: (CMBitMap*) 0x000001a859b05120
 Bits: [0x000001a8725f0000, 0x000001a8763a0000)

Polling page: 0x000001a857a00000

Metaspace:

Usage:
  Non-class:    621.52 KB used.
      Class:     59.43 KB used.
       Both:    680.95 KB used.

Virtual space:
  Non-class space:       64.00 MB reserved,     704.00 KB (  1%) committed,  1 nodes.
      Class space:        1.00 GB reserved,     128.00 KB ( <1%) committed,  1 nodes.
             Both:        1.06 GB reserved,     832.00 KB ( <1%) committed. 

Chunk freelists:
   Non-Class:  11.86 MB
       Class:  15.70 MB
        Both:  27.56 MB

MaxMetaspaceSize: unlimited
CompressedClassSpaceSize: 1.00 GB
Initial GC threshold: 21.00 MB
Current GC threshold: 21.00 MB
CDS: on
 - commit_granule_bytes: 65536.
 - commit_granule_words: 8192.
 - virtual_space_node_default_size: 8388608.
 - enlarge_chunks_in_place: 1.
 - use_allocation_guard: 0.


Internal statistics:

num_allocs_failed_limit: 0.
num_arena_births: 42.
num_arena_deaths: 0.
num_vsnodes_births: 2.
num_vsnodes_deaths: 0.
num_space_committed: 13.
num_space_uncommitted: 0.
num_chunks_returned_to_freelist: 0.
num_chunks_taken_from_freelist: 70.
num_chunk_merges: 0.
num_chunk_splits: 37.
num_chunks_enlarged: 7.
num_inconsistent_stats: 0.

CodeHeap 'non-profiled nmethods': size=119168Kb used=90Kb max_used=90Kb free=119077Kb
 bounds [0x000001a869990000, 0x000001a869c00000, 0x000001a870df0000]
CodeHeap 'profiled nmethods': size=119104Kb used=364Kb max_used=364Kb free=118739Kb
 bounds [0x000001a861df0000, 0x000001a862060000, 0x000001a869240000]
CodeHeap 'non-nmethods': size=7488Kb used=1871Kb max_used=1885Kb free=5616Kb
 bounds [0x000001a869240000, 0x000001a8694b0000, 0x000001a869990000]
 total_blobs=727 nmethods=308 adapters=323
 compilation: enabled
              stopped_count=0, restarted_count=0
 full_count=0

Compilation events (20 events):
Event: 0.084 Thread 0x000001a87936df50  298       3       jdk.internal.module.ModuleReferenceImpl::hashCode (56 bytes)
Event: 0.085 Thread 0x000001a87936d1b0  299       3       jdk.internal.jimage.ImageLocation::readValue (61 bytes)
Event: 0.085 Thread 0x000001a87936df50 nmethod 298 0x000001a861e46210 code [0x000001a861e46400, 0x000001a861e46870]
Event: 0.085 Thread 0x000001a879346120  301       4       java.nio.DirectByteBuffer::ix (10 bytes)
Event: 0.085 Thread 0x000001a87936d1b0 nmethod 299 0x000001a861e46a10 code [0x000001a861e46be0, 0x000001a861e46f90]
Event: 0.085 Thread 0x000001a879346120 nmethod 301 0x000001a8699a6310 code [0x000001a8699a6480, 0x000001a8699a6510]
Event: 0.085 Thread 0x000001a87936d1b0  302       3       java.lang.String::lastIndexOf (29 bytes)
Event: 0.085 Thread 0x000001a87936df50  303       3       java.lang.StringLatin1::replace (198 bytes)
Event: 0.086 Thread 0x000001a87936d1b0 nmethod 302 0x000001a861e47110 code [0x000001a861e472e0, 0x000001a861e47588]
Event: 0.086 Thread 0x000001a87936d1b0  304       3       java.util.zip.ZipUtils::CENOFF (9 bytes)
Event: 0.086 Thread 0x000001a87936d1b0 nmethod 304 0x000001a861e47690 code [0x000001a861e47840, 0x000001a861e47b18]
Event: 0.086 Thread 0x000001a87936df50 nmethod 303 0x000001a861e47c90 code [0x000001a861e47f20, 0x000001a861e48ce8]
Event: 0.087 Thread 0x000001a87936df50  305       3       jdk.internal.util.Preconditions::checkFromIndexSize (25 bytes)
Event: 0.087 Thread 0x000001a87936df50 nmethod 305 0x000001a861e49210 code [0x000001a861e493c0, 0x000001a861e49568]
Event: 0.087 Thread 0x000001a87936df50  306       3       java.util.HashMap::putVal (300 bytes)
Event: 0.088 Thread 0x000001a87936df50 nmethod 306 0x000001a861e49610 code [0x000001a861e498c0, 0x000001a861e4aa18]
Event: 0.089 Thread 0x000001a879346120  307       4       jdk.internal.misc.Unsafe::getLongUnaligned (173 bytes)
Event: 0.090 Thread 0x000001a879346120 nmethod 307 0x000001a8699a6610 code [0x000001a8699a67c0, 0x000001a8699a69c8]
Event: 0.090 Thread 0x000001a87936d1b0  308       3       jdk.internal.misc.VM::isBooted (13 bytes)
Event: 0.090 Thread 0x000001a87936d1b0 nmethod 308 0x000001a861e4af10 code [0x000001a861e4b0a0, 0x000001a861e4b1f0]

GC Heap History (0 events):
No events

Dll operation events (7 events):
Event: 0.006 Loaded shared library C:\Program Files\Java\jdk-22\bin\java.dll
Event: 0.028 Loaded shared library C:\Program Files\Java\jdk-22\bin\jsvml.dll
Event: 0.041 Loaded shared library C:\Program Files\Java\jdk-22\bin\net.dll
Event: 0.043 Loaded shared library C:\Program Files\Java\jdk-22\bin\nio.dll
Event: 0.045 Loaded shared library C:\Program Files\Java\jdk-22\bin\zip.dll
Event: 0.073 Loaded shared library C:\Program Files\Java\jdk-22\bin\jimage.dll
Event: 0.091 Loaded shared library C:\Users\ahmet\AppData\Local\Temp\jansi-2.4.0-7eea340757f1c5cf-jansi.dll

Deoptimization events (0 events):
No events

Classes loaded (20 events):
Event: 0.075 Loading class sun/net/www/MessageHeader
Event: 0.075 Loading class sun/net/www/MessageHeader done
Event: 0.075 Loading class sun/net/www/protocol/jar/URLJarFile
Event: 0.076 Loading class sun/net/www/protocol/jar/URLJarFile done
Event: 0.076 Loading class sun/net/www/protocol/jar/URLJarFile$URLJarFileEntry
Event: 0.076 Loading class sun/net/www/protocol/jar/URLJarFile$URLJarFileEntry done
Event: 0.076 Loading class sun/net/www/protocol/jar/JarURLConnection$JarURLInputStream
Event: 0.076 Loading class sun/net/www/protocol/jar/JarURLConnection$JarURLInputStream done
Event: 0.082 Loading class java/util/LinkedList
Event: 0.082 Loading class java/util/AbstractSequentialList
Event: 0.082 Loading class java/util/AbstractSequentialList done
Event: 0.082 Loading class java/util/LinkedList done
Event: 0.084 Loading class java/util/Formatter$FixedString
Event: 0.084 Loading class java/util/Formatter$FixedString done
Event: 0.086 Loading class java/io/FileOutputStream$1
Event: 0.086 Loading class java/io/FileOutputStream$1 done
Event: 0.087 Loading class java/io/DeleteOnExitHook
Event: 0.087 Loading class java/io/DeleteOnExitHook done
Event: 0.087 Loading class java/io/DeleteOnExitHook$1
Event: 0.087 Loading class java/io/DeleteOnExitHook$1 done

Classes unloaded (0 events):
No events

Classes redefined (0 events):
No events

Internal exceptions (3 events):
Event: 0.067 Thread 0x000001a8578ad4a0 Exception <a 'java/io/IOException'{0x0000000718982540}> (0x0000000718982540) 
thrown [s\open\src\hotspot\share\prims\jni.cpp, line 520]
Event: 0.067 Thread 0x000001a8578ad4a0 Exception <a 'java/io/IOException'{0x00000007189828d0}> (0x00000007189828d0) 
thrown [s\open\src\hotspot\share\prims\jni.cpp, line 520]
Event: 0.071 Thread 0x000001a8578ad4a0 Exception <a 'java/lang/NullPointerException'{0x00000007189a9620}> (0x00000007189a9620) 
thrown [s\open\src\hotspot\share\interpreter\linkResolver.cpp, line 1374]

ZGC Phase Switch (0 events):
No events

VM Operations (2 events):
Event: 0.046 Executing VM operation: HandshakeAllThreads (Deoptimize)
Event: 0.046 Executing VM operation: HandshakeAllThreads (Deoptimize) done

Events (12 events):
Event: 0.017 Thread 0x000001a8578ad4a0 Thread added: 0x000001a8578ad4a0
Event: 0.026 Thread 0x000001a8793357b0 Thread added: 0x000001a8793357b0
Event: 0.026 Thread 0x000001a8793364d0 Thread added: 0x000001a8793364d0
Event: 0.026 Thread 0x000001a879338fe0 Thread added: 0x000001a879338fe0
Event: 0.026 Thread 0x000001a87933a7d0 Thread added: 0x000001a87933a7d0
Event: 0.027 Thread 0x000001a87933b230 Thread added: 0x000001a87933b230
Event: 0.027 Thread 0x000001a87933c430 Thread added: 0x000001a87933c430
Event: 0.027 Thread 0x000001a879346120 Thread added: 0x000001a879346120
Event: 0.027 Thread 0x000001a87936df50 Thread added: 0x000001a87936df50
Event: 0.035 Thread 0x000001a87936d1b0 Thread added: 0x000001a87936d1b0
Event: 0.038 Thread 0x000001a8452be420 Thread added: 0x000001a8452be420
Event: 0.039 Thread 0x000001a8452c32f0 Thread added: 0x000001a8452c32f0


Dynamic libraries:
0x00007ff7be040000 - 0x00007ff7be050000 	C:\Program Files\Java\jdk-22\bin\javaw.exe
0x00007ffdbd910000 - 0x00007ffdbdb08000 	C:\Windows\SYSTEM32\ntdll.dll
0x00007ffdbb9f0000 - 0x00007ffdbbaad000 	C:\Windows\System32\KERNEL32.DLL
0x00007ffdbb650000 - 0x00007ffdbb946000 	C:\Windows\System32\KERNELBASE.dll
0x00007ffdbb520000 - 0x00007ffdbb620000 	C:\Windows\System32\ucrtbase.dll
0x00007ffd4e010000 - 0x00007ffd4e027000 	C:\Program Files\Java\jdk-22\bin\jli.dll
0x00007ffdbbab0000 - 0x00007ffdbbb60000 	C:\Windows\System32\ADVAPI32.dll
0x00007ffd4e320000 - 0x00007ffd4e33b000 	C:\Program Files\Java\jdk-22\bin\VCRUNTIME140.dll
0x00007ffdbc490000 - 0x00007ffdbc52e000 	C:\Windows\System32\msvcrt.dll
0x00007ffdbc030000 - 0x00007ffdbc0d0000 	C:\Windows\System32\sechost.dll
0x00007ffdbc530000 - 0x00007ffdbc653000 	C:\Windows\System32\RPCRT4.dll
0x00007ffdbb620000 - 0x00007ffdbb647000 	C:\Windows\System32\bcrypt.dll
0x00007ffdbce70000 - 0x00007ffdbd00f000 	C:\Windows\System32\USER32.dll
0x00007ffdbb4a0000 - 0x00007ffdbb4c2000 	C:\Windows\System32\win32u.dll
0x00007ffdbc000000 - 0x00007ffdbc02b000 	C:\Windows\System32\GDI32.dll
0x00007ffdab810000 - 0x00007ffdabaaa000 	C:\Windows\WinSxS\amd64_microsoft.windows.common-controls_6595b64144ccf1df_6.0.19041.4355_none_60b8b9eb71f62e16\COMCTL32.dll
0x00007ffdbb1b0000 - 0x00007ffdbb2c7000 	C:\Windows\System32\gdi32full.dll
0x00007ffdbafd0000 - 0x00007ffdbb06d000 	C:\Windows\System32\msvcp_win.dll
0x00007ffdb4470000 - 0x00007ffdb447a000 	C:\Windows\SYSTEM32\VERSION.dll
0x00007ffdbb950000 - 0x00007ffdbb97f000 	C:\Windows\System32\IMM32.DLL
0x00007ffd71ed0000 - 0x00007ffd71edc000 	C:\Program Files\Java\jdk-22\bin\vcruntime140_1.dll
0x00007ffd106a0000 - 0x00007ffd1072e000 	C:\Program Files\Java\jdk-22\bin\msvcp140.dll
0x00007ffd0e0a0000 - 0x00007ffd0ede7000 	C:\Program Files\Java\jdk-22\bin\server\jvm.dll
0x00007ffdbd860000 - 0x00007ffdbd8cb000 	C:\Windows\System32\WS2_32.dll
0x00007ffdba4c0000 - 0x00007ffdba50b000 	C:\Windows\SYSTEM32\POWRPROF.dll
0x00007ffdb1420000 - 0x00007ffdb1447000 	C:\Windows\SYSTEM32\WINMM.dll
0x00007ffdba380000 - 0x00007ffdba392000 	C:\Windows\SYSTEM32\UMPDC.dll
0x00007ffdb8e10000 - 0x00007ffdb8e22000 	C:\Windows\SYSTEM32\kernel.appcore.dll
0x00007ffd71c00000 - 0x00007ffd71c0a000 	C:\Program Files\Java\jdk-22\bin\jimage.dll
0x00007ffdadb60000 - 0x00007ffdadd44000 	C:\Windows\SYSTEM32\DBGHELP.DLL
0x00007ffda5990000 - 0x00007ffda59c4000 	C:\Windows\SYSTEM32\dbgcore.DLL
0x00007ffdbb120000 - 0x00007ffdbb1a2000 	C:\Windows\System32\bcryptPrimitives.dll
0x00007ffd4b0d0000 - 0x00007ffd4b0ee000 	C:\Program Files\Java\jdk-22\bin\java.dll
0x00007ffdbd010000 - 0x00007ffdbd77c000 	C:\Windows\System32\SHELL32.dll
0x00007ffdbbec0000 - 0x00007ffdbbfeb000 	C:\Windows\System32\ole32.dll
0x00007ffdbbb60000 - 0x00007ffdbbeb3000 	C:\Windows\System32\combase.dll
0x00007ffdb9010000 - 0x00007ffdb97ad000 	C:\Windows\SYSTEM32\windows.storage.dll
0x00007ffdba910000 - 0x00007ffdba93e000 	C:\Windows\SYSTEM32\Wldp.dll
0x00007ffdbc1a0000 - 0x00007ffdbc26d000 	C:\Windows\System32\OLEAUT32.dll
0x00007ffdbc350000 - 0x00007ffdbc3fd000 	C:\Windows\System32\SHCORE.dll
0x00007ffdbc820000 - 0x00007ffdbc875000 	C:\Windows\System32\shlwapi.dll
0x00007ffdbaf00000 - 0x00007ffdbaf24000 	C:\Windows\SYSTEM32\profapi.dll
0x00007ffd0dfc0000 - 0x00007ffd0e097000 	C:\Program Files\Java\jdk-22\bin\jsvml.dll
0x00007ffd70e80000 - 0x00007ffd70e90000 	C:\Program Files\Java\jdk-22\bin\net.dll
0x00007ffdba6f0000 - 0x00007ffdba75a000 	C:\Windows\system32\mswsock.dll
0x00007ffd46390000 - 0x00007ffd463a6000 	C:\Program Files\Java\jdk-22\bin\nio.dll
0x00007ffd430c0000 - 0x00007ffd430d7000 	C:\Program Files\Java\jdk-22\bin\zip.dll
0x0000000069ac0000 - 0x0000000069ae4000 	C:\Users\ahmet\AppData\Local\Temp\jansi-2.4.0-7eea340757f1c5cf-jansi.dll

dbghelp: loaded successfully - version: 4.0.5 - missing functions: none
symbol engine: initialized successfully - sym options: 0x614 - pdb path: .;C:\Program Files\Java\jdk-22\bin;C:\Windows\SYSTEM32;C:\Windows\WinSxS\amd64_microsoft.windows.common-controls_6595b64144ccf1df_6.0.19041.4355_none_60b8b9eb71f62e16;C:\Program Files\Java\jdk-22\bin\server;C:\Users\ahmet\AppData\Local\Temp

VM Arguments:
java_command: D:\projects\intelijidea\ColorfurTextConsole\out\artifacts\ColorfurTextConsole_jar\ColorfurTextConsole.jar
java_class_path (initial): D:\projects\intelijidea\ColorfurTextConsole\out\artifacts\ColorfurTextConsole_jar\ColorfurTextConsole.jar
Launcher Type: SUN_STANDARD

[Global flags]
     intx CICompilerCount                          = 12                                        {product} {ergonomic}
     uint ConcGCThreads                            = 3                                         {product} {ergonomic}
     uint G1ConcRefinementThreads                  = 13                                        {product} {ergonomic}
   size_t G1HeapRegionSize                         = 2097152                                   {product} {ergonomic}
   size_t InitialHeapSize                          = 260046848                                 {product} {ergonomic}
   size_t MarkStackSize                            = 4194304                                   {product} {ergonomic}
   size_t MaxHeapSize                              = 4139778048                                {product} {ergonomic}
   size_t MaxNewSize                               = 2483027968                                {product} {ergonomic}
   size_t MinHeapDeltaBytes                        = 2097152                                   {product} {ergonomic}
   size_t MinHeapSize                              = 8388608                                   {product} {ergonomic}
    uintx NonNMethodCodeHeapSize                   = 7602480                                {pd product} {ergonomic}
    uintx NonProfiledCodeHeapSize                  = 122027880                              {pd product} {ergonomic}
    uintx ProfiledCodeHeapSize                     = 122027880                              {pd product} {ergonomic}
    uintx ReservedCodeCacheSize                    = 251658240                              {pd product} {ergonomic}
     bool SegmentedCodeCache                       = true                                      {product} {ergonomic}
   size_t SoftMaxHeapSize                          = 4139778048                             {manageable} {ergonomic}
     bool UseCompressedOops                        = true                           {product lp64_product} {ergonomic}
     bool UseG1GC                                  = true                                      {product} {ergonomic}
     bool UseLargePagesIndividualAllocation        = false                                  {pd product} {ergonomic}

Logging:
Log output configuration:
 #0: stdout all=warning uptime,level,tags foldmultilines=false
 #1: stderr all=off uptime,level,tags foldmultilines=false

Environment Variables:
PATH=C:\Python312\Scripts\;C:\Python312\;C:\Program Files\Common Files\Oracle\Java\javapath;C:\Windows\system32;C:\Windows;C:\Windows\System32\Wbem;C:\Windows\System32\WindowsPowerShell\v1.0\;C:\Windows\System32\OpenSSH\;C:\Program Files (x86)\NVIDIA Corporation\PhysX\Common;C:\Program Files\NVIDIA Corporation\NVIDIA NvDLISR;C:\Program Files\Maven\apache-maven-3.9.6\bin;C:\Program Files\dotnet\;C:\Program Files\Git\cmd;C:\Program Files\Microsoft SQL Server\150\Tools\Binn\;C:\Program Files\Microsoft SQL Server\Client SDK\ODBC\170\Tools\Binn\;C:\Program Files\MySQL\MySQL Server 8.4\bin;C:\ProgramData\chocolatey\bin;C:\flutter\bin;C:\Program Files\nodejs\;C:\Program Files\Docker\Docker\resources\bin;C:\Program Files\Java\javafx-sdk-17.0.11\bin;C:\Users\ahmet\AppData\Local\Microsoft\WindowsApps;C:\Users\ahmet\AppData\Local\Programs\Microsoft VS Code\bin;C:\Program Files\JetBrains\IntelliJ IDEA Community Edition 2024.1.3\bin;;C:\Users\ahmet\.dotnet\tools;C:\Users\ahmet\AppData\Local\Microsoft\WinGet\Packages\Schniz.fnm_Microsoft.Winget.Source_8wekyb3d8bbwe;C:\Users\ahmet\AppData\Roaming\npm
USERNAME=ahmet
OS=Windows_NT
PROCESSOR_IDENTIFIER=AMD64 Family 23 Model 96 Stepping 1, AuthenticAMD
TMP=C:\Users\ahmet\AppData\Local\Temp
TEMP=C:\Users\ahmet\AppData\Local\Temp




Periodic native trim disabled

---------------  S Y S T E M  ---------------

OS:
 Windows 10 , 64 bit Build 19041 (10.0.19041.3636)
OS uptime: 1 days 0:56 hours
Hyper-V role detected

CPU: total 16 (initial active 16) (16 cores per cpu, 2 threads per core) family 23 model 96 stepping 1 microcode 0x0, cx8, cmov, fxsr, ht, mmx, 3dnowpref, sse, sse2, sse3, ssse3, sse4a, sse4.1, sse4.2, popcnt, lzcnt, tsc, tscinvbit, avx, avx2, aes, clmul, bmi1, bmi2, adx, sha, fma, vzeroupper, clflush, clflushopt, hv, rdtscp, rdpid, f16c
Processor Information for all 16 processors :
  Max Mhz: 2900, Current Mhz: 2900, Mhz Limit: 2900

Memory: 4k page, system-wide physical 15789M (3381M free)
TotalPageFile size 24493M (AvailPageFile size 4308M)
current process WorkingSet (physical memory assigned to process): 40M, peak: 40M
current process commit charge ("private bytes"): 344M, peak: 344M

vm_info: Java HotSpot(TM) 64-Bit Server VM (22.0.1+8-16) for windows-amd64 JRE (22.0.1+8-16), built on 2024-03-12T10:33:16Z by "mach5one" with MS VC++ 17.6 (VS2022)

END.
